d:\onedrive-ucla\onedrive - personalmicrosoftsoftware.ucla.edu\doc\academia\_ucla\1st year\_spring\cs 32\assignments\homework 1\new_sequence\new_sequence\debug\vc141.pdb
d:\onedrive-ucla\onedrive - personalmicrosoftsoftware.ucla.edu\doc\academia\_ucla\1st year\_spring\cs 32\assignments\homework 1\new_sequence\new_sequence\debug\vc141.idb
d:\onedrive-ucla\onedrive - personalmicrosoftsoftware.ucla.edu\doc\academia\_ucla\1st year\_spring\cs 32\assignments\homework 1\new_sequence\new_sequence\debug\testnewsequence.obj
d:\onedrive-ucla\onedrive - personalmicrosoftsoftware.ucla.edu\doc\academia\_ucla\1st year\_spring\cs 32\assignments\homework 1\new_sequence\new_sequence\debug\newsequence.obj
d:\onedrive-ucla\onedrive - personalmicrosoftsoftware.ucla.edu\doc\academia\_ucla\1st year\_spring\cs 32\assignments\homework 1\new_sequence\new_sequence\debug\newscorelist.obj
d:\onedrive-ucla\onedrive - personalmicrosoftsoftware.ucla.edu\doc\academia\_ucla\1st year\_spring\cs 32\assignments\homework 1\new_sequence\debug\new_sequence.ilk
d:\onedrive-ucla\onedrive - personalmicrosoftsoftware.ucla.edu\doc\academia\_ucla\1st year\_spring\cs 32\assignments\homework 1\new_sequence\debug\new_sequence.exe
d:\onedrive-ucla\onedrive - personalmicrosoftsoftware.ucla.edu\doc\academia\_ucla\1st year\_spring\cs 32\assignments\homework 1\new_sequence\debug\new_sequence.pdb
c:\drive\onedrive - personalmicrosoftsoftware.ucla.edu\doc\academia\_ucla\1st year\_spring\cs 32\assignments\homework 1\new_sequence\new_sequence\debug\newscorelist.obj
c:\drive\onedrive - personalmicrosoftsoftware.ucla.edu\doc\academia\_ucla\1st year\_spring\cs 32\assignments\homework 1\new_sequence\new_sequence\debug\newsequence.obj
c:\drive\onedrive - personalmicrosoftsoftware.ucla.edu\doc\academia\_ucla\1st year\_spring\cs 32\assignments\homework 1\new_sequence\new_sequence\debug\testnewsequence.obj
c:\drive\onedrive - personalmicrosoftsoftware.ucla.edu\doc\academia\_ucla\1st year\_spring\cs 32\assignments\homework 1\new_sequence\new_sequence\debug\vc141.idb
c:\drive\onedrive - personalmicrosoftsoftware.ucla.edu\doc\academia\_ucla\1st year\_spring\cs 32\assignments\homework 1\new_sequence\new_sequence\debug\vc141.pdb
c:\drive\onedrive - personalmicrosoftsoftware.ucla.edu\doc\academia\_ucla\1st year\_spring\cs 32\assignments\homework 1\new_sequence\debug\new_sequence.pdb
c:\drive\onedrive - personalmicrosoftsoftware.ucla.edu\doc\academia\_ucla\1st year\_spring\cs 32\assignments\homework 1\new_sequence\debug\new_sequence.exe
c:\drive\onedrive - personalmicrosoftsoftware.ucla.edu\doc\academia\_ucla\1st year\_spring\cs 32\assignments\homework 1\new_sequence\debug\new_sequence.ilk
c:\drive\onedrive - personalmicrosoftsoftware.ucla.edu\doc\academia\_ucla\1st year\_spring\cs 32\assignments\homework 1\new_sequence\new_sequence\debug\new_sequence.tlog\cl.command.1.tlog
c:\drive\onedrive - personalmicrosoftsoftware.ucla.edu\doc\academia\_ucla\1st year\_spring\cs 32\assignments\homework 1\new_sequence\new_sequence\debug\new_sequence.tlog\cl.read.1.tlog
c:\drive\onedrive - personalmicrosoftsoftware.ucla.edu\doc\academia\_ucla\1st year\_spring\cs 32\assignments\homework 1\new_sequence\new_sequence\debug\new_sequence.tlog\cl.write.1.tlog
c:\drive\onedrive - personalmicrosoftsoftware.ucla.edu\doc\academia\_ucla\1st year\_spring\cs 32\assignments\homework 1\new_sequence\new_sequence\debug\new_sequence.tlog\link.command.1.tlog
c:\drive\onedrive - personalmicrosoftsoftware.ucla.edu\doc\academia\_ucla\1st year\_spring\cs 32\assignments\homework 1\new_sequence\new_sequence\debug\new_sequence.tlog\link.read.1.tlog
c:\drive\onedrive - personalmicrosoftsoftware.ucla.edu\doc\academia\_ucla\1st year\_spring\cs 32\assignments\homework 1\new_sequence\new_sequence\debug\new_sequence.tlog\link.write.1.tlog
